<?xml version="1.0" encoding="UTF-8"?>
<testsuite xmlns:xsi="http://www.w3.org/2001/XMLSchema-instance" xsi:noNamespaceSchemaLocation="https://maven.apache.org/surefire/maven-surefire-plugin/xsd/surefire-test-report-3.0.xsd" version="3.0" name="com.app.kmit.qwa.AppTest" time="0.018" tests="1" errors="0" skipped="0" failures="0">
  <properties>
    <property name="java.specification.version" value="21"/>
    <property name="sun.cpu.isalist" value="amd64"/>
    <property name="sun.jnu.encoding" value="Cp1252"/>
    <property name="java.class.path" value="C:\Users\netha\eclipse-workspace\qwa\target\test-classes;C:\Users\netha\eclipse-workspace\qwa\target\classes;C:\Users\netha\.m2\repository\junit\junit\3.8.1\junit-3.8.1.jar;"/>
    <property name="java.vm.vendor" value="Oracle Corporation"/>
    <property name="sun.arch.data.model" value="64"/>
    <property name="user.variant" value=""/>
    <property name="java.vendor.url" value="https://java.oracle.com/"/>
    <property name="user.timezone" value="Asia/Calcutta"/>
    <property name="os.name" value="Windows 11"/>
    <property name="java.vm.specification.version" value="21"/>
    <property name="sun.java.launcher" value="SUN_STANDARD"/>
    <property name="user.country" value="IN"/>
    <property name="sun.boot.library.path" value="C:\Program Files\Java\jdk-21\bin"/>
    <property name="sun.java.command" value="C:\Users\netha\AppData\Local\Temp\surefire8409912642122113230\surefirebooter-20241230211108325_3.jar C:\Users\netha\AppData\Local\Temp\surefire8409912642122113230 2024-12-30T21-11-08_154-jvmRun1 surefire-20241230211108325_1tmp surefire_0-20241230211108325_2tmp"/>
    <property name="jdk.debug" value="release"/>
    <property name="surefire.test.class.path" value="C:\Users\netha\eclipse-workspace\qwa\target\test-classes;C:\Users\netha\eclipse-workspace\qwa\target\classes;C:\Users\netha\.m2\repository\junit\junit\3.8.1\junit-3.8.1.jar;"/>
    <property name="sun.cpu.endian" value="little"/>
    <property name="user.home" value="C:\Users\netha"/>
    <property name="user.language" value="en"/>
    <property name="java.specification.vendor" value="Oracle Corporation"/>
    <property name="java.version.date" value="2024-01-16"/>
    <property name="java.home" value="C:\Program Files\Java\jdk-21"/>
    <property name="file.separator" value="\"/>
    <property name="basedir" value="C:\Users\netha\eclipse-workspace\qwa"/>
    <property name="style.color" value="always"/>
    <property name="java.vm.compressedOopsMode" value="32-bit"/>
    <property name="line.separator" value="&#10;"/>
    <property name="java.vm.specification.vendor" value="Oracle Corporation"/>
    <property name="java.specification.name" value="Java Platform API Specification"/>
    <property name="surefire.real.class.path" value="C:\Users\netha\AppData\Local\Temp\surefire8409912642122113230\surefirebooter-20241230211108325_3.jar"/>
    <property name="user.script" value=""/>
    <property name="sun.management.compiler" value="HotSpot 64-Bit Tiered Compilers"/>
    <property name="java.runtime.version" value="21.0.2+13-LTS-58"/>
    <property name="user.name" value="netha"/>
    <property name="stdout.encoding" value="Cp1252"/>
    <property name="path.separator" value=";"/>
    <property name="os.version" value="10.0"/>
    <property name="java.runtime.name" value="Java(TM) SE Runtime Environment"/>
    <property name="file.encoding" value="UTF-8"/>
    <property name="java.vm.name" value="Java HotSpot(TM) 64-Bit Server VM"/>
    <property name="localRepository" value="C:\Users\netha\.m2\repository"/>
    <property name="java.vendor.url.bug" value="https://bugreport.java.com/bugreport/"/>
    <property name="java.io.tmpdir" value="C:\Users\netha\AppData\Local\Temp\"/>
    <property name="java.version" value="21.0.2"/>
    <property name="user.dir" value="C:\Users\netha\eclipse-workspace\qwa"/>
    <property name="os.arch" value="amd64"/>
    <property name="java.vm.specification.name" value="Java Virtual Machine Specification"/>
    <property name="sun.os.patch.level" value=""/>
    <property name="native.encoding" value="Cp1252"/>
    <property name="java.library.path" value="C:\Program Files\Java\jdk-21\bin;C:\WINDOWS\Sun\Java\bin;C:\WINDOWS\system32;C:\WINDOWS;C:\Program Files\Common Files\Oracle\Java\javapath;C:\WINDOWS\system32;C:\WINDOWS;C:\WINDOWS\System32\Wbem;C:\WINDOWS\System32\WindowsPowerShell\v1.0\;C:\WINDOWS\System32\OpenSSH\;C:\Program Files\dotnet\;C:\MinGW\bin;C:\Program Files\kotlinc;C:\Users\netha\AppData\Local\Programs\Python\Python311\;C:\Users\netha\AppData\Local\Programs\Python\Python311\Scripts\;C:\Program Files\Git\cmd;C:\Users\netha\Downloads\mongosh-2.3.4-win32-x64\mongosh-2.3.4-win32-x64\bin;C:\Program Files\Microsoft SQL Server\150\Tools\Binn\;C:\Users\netha\OneDrive\Desktop\p001_express\collection\mongosh-2.0.0-win32-x64\bin;C:\Program Files\Java\jdk-21\bin;C:\Users\netha\AppData\Roaming\nvm;C:\Program Files\nodejs;C:\Program Files\Java\jdk-21\bin;C:\Program Files\apache-maven-3.9.8\bin;C:\Program Files\MySQL\MySQL Server 8.0\bin;C:\Program Files\poppler-24.02.0\Library\bin;C:\Program Files (x86)\Tesseract-OCR;C:\Program Files\ffmpeg-N-117451-g0f5592cfc7-win64-gpl\bin;C:\Program Files\Docker\Docker\resources\bin;C:\Program Files\Kubernetes\Minikube;C:\Program Files\MySQL\MySQL Shell 8.0\bin\;C:\Users\netha\anaconda3;C:\Users\netha\anaconda3\Library\mingw-w64\bin;C:\Users\netha\anaconda3\Library\usr\bin;C:\Users\netha\anaconda3\Library\bin;C:\Users\netha\anaconda3\Scripts;C:\Users\netha\AppData\Local\Programs\Python\Python311\Scripts\;C:\Users\netha\AppData\Local\Programs\Python\Python311\;C:\Users\netha\AppData\Local\Microsoft\WindowsApps;C:\Users\netha\AppData\Local\Programs\Microsoft VS Code\bin;C:\Program Files\JetBrains\IntelliJ IDEA Community Edition 2022.2.4\bin;;C:\MinGW\bin;C:\Users\netha\AppData\Roaming\npm;C:\Program Files\CMake\bin;C:\Users\netha\AppData\Roaming\nvm;C:\Program Files\nodejs;C:\Program Files\Tesseract-OCR;;C:\Users\netha\AppData\Local\Programs\Ollama;."/>
    <property name="java.vm.info" value="mixed mode, sharing"/>
    <property name="stderr.encoding" value="Cp1252"/>
    <property name="java.vendor" value="Oracle Corporation"/>
    <property name="java.vm.version" value="21.0.2+13-LTS-58"/>
    <property name="sun.io.unicode.encoding" value="UnicodeLittle"/>
    <property name="java.class.version" value="65.0"/>
  </properties>
  <testcase name="testApp" classname="com.app.kmit.qwa.AppTest" time="0.002"/>
</testsuite>